[0.157s] DEBUG:colcon:Command line arguments: ['/usr/bin/colcon', 'list', '-n']
[0.157s] DEBUG:colcon:Parsed command line arguments: Namespace(base_paths=['.'], build_base='build', ignore_user_meta=False, log_base=None, log_level=None, main=<bound method ListVerb.main of <colcon_package_information.verb.list.ListVerb object at 0x7ff1ee39dc70>>, metas=['./colcon.meta'], mixin=None, mixin_files=None, mixin_verb=('list',), names_only=True, packages_above=None, packages_above_and_dependencies=None, packages_above_depth=None, packages_end=None, packages_ignore=None, packages_ignore_regex=None, packages_select=None, packages_select_build_failed=False, packages_select_by_dep=None, packages_select_regex=None, packages_select_test_failures=False, packages_skip=None, packages_skip_build_finished=False, packages_skip_by_dep=None, packages_skip_regex=None, packages_skip_test_passed=False, packages_skip_up_to=None, packages_start=None, packages_up_to=None, packages_up_to_regex=None, paths=None, paths_only=False, topological_graph=False, topological_graph_density=False, topological_graph_dot=False, topological_graph_dot_cluster=False, topological_graph_dot_include_skipped=False, topological_graph_legend=False, topological_order=False, verb_extension=<colcon_package_information.verb.list.ListVerb object at 0x7ff1ee39dc70>, verb_name='list', verb_parser=<colcon_mixin.mixin.mixin_argument.MixinArgumentDecorator object at 0x7ff1ee295bb0>)
[0.190s] Level 1:colcon.colcon_core.package_discovery:discover_packages(colcon_meta) check parameters
[0.190s] Level 1:colcon.colcon_core.package_discovery:discover_packages(recursive) check parameters
[0.190s] Level 1:colcon.colcon_core.package_discovery:discover_packages(ignore) check parameters
[0.190s] Level 1:colcon.colcon_core.package_discovery:discover_packages(path) check parameters
[0.190s] Level 1:colcon.colcon_core.package_discovery:discover_packages(colcon_meta) discover
[0.190s] Level 1:colcon.colcon_core.package_discovery:discover_packages(recursive) discover
[0.191s] INFO:colcon.colcon_core.package_discovery:Crawling recursively for packages in '/home/aman/Downloads/stm32'
[0.191s] Level 1:colcon.colcon_core.package_identification:_identify(.) by extensions ['ignore', 'ignore_ament_install']
[0.191s] Level 1:colcon.colcon_core.package_identification:_identify(.) by extension 'ignore'
[0.191s] Level 1:colcon.colcon_core.package_identification:_identify(.) by extension 'ignore_ament_install'
[0.191s] Level 1:colcon.colcon_core.package_identification:_identify(.) by extensions ['colcon_pkg']
[0.191s] Level 1:colcon.colcon_core.package_identification:_identify(.) by extension 'colcon_pkg'
[0.191s] Level 1:colcon.colcon_core.package_identification:_identify(.) by extensions ['colcon_meta']
[0.191s] Level 1:colcon.colcon_core.package_identification:_identify(.) by extension 'colcon_meta'
[0.191s] Level 1:colcon.colcon_core.package_identification:_identify(.) by extensions ['ros']
[0.191s] Level 1:colcon.colcon_core.package_identification:_identify(.) by extension 'ros'
[0.206s] Level 1:colcon.colcon_core.package_identification:_identify(.) by extensions ['cmake', 'python']
[0.206s] Level 1:colcon.colcon_core.package_identification:_identify(.) by extension 'cmake'
[0.206s] Level 1:colcon.colcon_core.package_identification:_identify(.) by extension 'python'
[0.206s] Level 1:colcon.colcon_core.package_identification:_identify(.) by extensions ['python_setup_py']
[0.206s] Level 1:colcon.colcon_core.package_identification:_identify(.) by extension 'python_setup_py'
[0.206s] Level 1:colcon.colcon_core.package_identification:_identify(STM32-base) by extensions ['ignore', 'ignore_ament_install']
[0.207s] Level 1:colcon.colcon_core.package_identification:_identify(STM32-base) by extension 'ignore'
[0.207s] Level 1:colcon.colcon_core.package_identification:_identify(STM32-base) by extension 'ignore_ament_install'
[0.207s] Level 1:colcon.colcon_core.package_identification:_identify(STM32-base) by extensions ['colcon_pkg']
[0.207s] Level 1:colcon.colcon_core.package_identification:_identify(STM32-base) by extension 'colcon_pkg'
[0.207s] Level 1:colcon.colcon_core.package_identification:_identify(STM32-base) by extensions ['colcon_meta']
[0.207s] Level 1:colcon.colcon_core.package_identification:_identify(STM32-base) by extension 'colcon_meta'
[0.207s] Level 1:colcon.colcon_core.package_identification:_identify(STM32-base) by extensions ['ros']
[0.208s] Level 1:colcon.colcon_core.package_identification:_identify(STM32-base) by extension 'ros'
[0.208s] Level 1:colcon.colcon_core.package_identification:_identify(STM32-base) by extensions ['cmake', 'python']
[0.208s] Level 1:colcon.colcon_core.package_identification:_identify(STM32-base) by extension 'cmake'
[0.208s] Level 1:colcon.colcon_core.package_identification:_identify(STM32-base) by extension 'python'
[0.208s] Level 1:colcon.colcon_core.package_identification:_identify(STM32-base) by extensions ['python_setup_py']
[0.208s] Level 1:colcon.colcon_core.package_identification:_identify(STM32-base) by extension 'python_setup_py'
[0.208s] Level 1:colcon.colcon_core.package_identification:_identify(STM32-base/linker) by extensions ['ignore', 'ignore_ament_install']
[0.208s] Level 1:colcon.colcon_core.package_identification:_identify(STM32-base/linker) by extension 'ignore'
[0.208s] Level 1:colcon.colcon_core.package_identification:_identify(STM32-base/linker) by extension 'ignore_ament_install'
[0.208s] Level 1:colcon.colcon_core.package_identification:_identify(STM32-base/linker) by extensions ['colcon_pkg']
[0.208s] Level 1:colcon.colcon_core.package_identification:_identify(STM32-base/linker) by extension 'colcon_pkg'
[0.208s] Level 1:colcon.colcon_core.package_identification:_identify(STM32-base/linker) by extensions ['colcon_meta']
[0.208s] Level 1:colcon.colcon_core.package_identification:_identify(STM32-base/linker) by extension 'colcon_meta'
[0.208s] Level 1:colcon.colcon_core.package_identification:_identify(STM32-base/linker) by extensions ['ros']
[0.208s] Level 1:colcon.colcon_core.package_identification:_identify(STM32-base/linker) by extension 'ros'
[0.209s] Level 1:colcon.colcon_core.package_identification:_identify(STM32-base/linker) by extensions ['cmake', 'python']
[0.209s] Level 1:colcon.colcon_core.package_identification:_identify(STM32-base/linker) by extension 'cmake'
[0.209s] Level 1:colcon.colcon_core.package_identification:_identify(STM32-base/linker) by extension 'python'
[0.209s] Level 1:colcon.colcon_core.package_identification:_identify(STM32-base/linker) by extensions ['python_setup_py']
[0.209s] Level 1:colcon.colcon_core.package_identification:_identify(STM32-base/linker) by extension 'python_setup_py'
[0.209s] Level 1:colcon.colcon_core.package_identification:_identify(STM32-base/linker/STM32F4xx) by extensions ['ignore', 'ignore_ament_install']
[0.209s] Level 1:colcon.colcon_core.package_identification:_identify(STM32-base/linker/STM32F4xx) by extension 'ignore'
[0.209s] Level 1:colcon.colcon_core.package_identification:_identify(STM32-base/linker/STM32F4xx) by extension 'ignore_ament_install'
[0.209s] Level 1:colcon.colcon_core.package_identification:_identify(STM32-base/linker/STM32F4xx) by extensions ['colcon_pkg']
[0.209s] Level 1:colcon.colcon_core.package_identification:_identify(STM32-base/linker/STM32F4xx) by extension 'colcon_pkg'
[0.209s] Level 1:colcon.colcon_core.package_identification:_identify(STM32-base/linker/STM32F4xx) by extensions ['colcon_meta']
[0.209s] Level 1:colcon.colcon_core.package_identification:_identify(STM32-base/linker/STM32F4xx) by extension 'colcon_meta'
[0.209s] Level 1:colcon.colcon_core.package_identification:_identify(STM32-base/linker/STM32F4xx) by extensions ['ros']
[0.209s] Level 1:colcon.colcon_core.package_identification:_identify(STM32-base/linker/STM32F4xx) by extension 'ros'
[0.209s] Level 1:colcon.colcon_core.package_identification:_identify(STM32-base/linker/STM32F4xx) by extensions ['cmake', 'python']
[0.209s] Level 1:colcon.colcon_core.package_identification:_identify(STM32-base/linker/STM32F4xx) by extension 'cmake'
[0.209s] Level 1:colcon.colcon_core.package_identification:_identify(STM32-base/linker/STM32F4xx) by extension 'python'
[0.209s] Level 1:colcon.colcon_core.package_identification:_identify(STM32-base/linker/STM32F4xx) by extensions ['python_setup_py']
[0.209s] Level 1:colcon.colcon_core.package_identification:_identify(STM32-base/linker/STM32F4xx) by extension 'python_setup_py'
[0.210s] Level 1:colcon.colcon_core.package_identification:_identify(STM32-base/make) by extensions ['ignore', 'ignore_ament_install']
[0.210s] Level 1:colcon.colcon_core.package_identification:_identify(STM32-base/make) by extension 'ignore'
[0.210s] Level 1:colcon.colcon_core.package_identification:_identify(STM32-base/make) by extension 'ignore_ament_install'
[0.210s] Level 1:colcon.colcon_core.package_identification:_identify(STM32-base/make) by extensions ['colcon_pkg']
[0.210s] Level 1:colcon.colcon_core.package_identification:_identify(STM32-base/make) by extension 'colcon_pkg'
[0.210s] Level 1:colcon.colcon_core.package_identification:_identify(STM32-base/make) by extensions ['colcon_meta']
[0.210s] Level 1:colcon.colcon_core.package_identification:_identify(STM32-base/make) by extension 'colcon_meta'
[0.210s] Level 1:colcon.colcon_core.package_identification:_identify(STM32-base/make) by extensions ['ros']
[0.210s] Level 1:colcon.colcon_core.package_identification:_identify(STM32-base/make) by extension 'ros'
[0.210s] Level 1:colcon.colcon_core.package_identification:_identify(STM32-base/make) by extensions ['cmake', 'python']
[0.210s] Level 1:colcon.colcon_core.package_identification:_identify(STM32-base/make) by extension 'cmake'
[0.211s] Level 1:colcon.colcon_core.package_identification:_identify(STM32-base/make) by extension 'python'
[0.211s] Level 1:colcon.colcon_core.package_identification:_identify(STM32-base/make) by extensions ['python_setup_py']
[0.211s] Level 1:colcon.colcon_core.package_identification:_identify(STM32-base/make) by extension 'python_setup_py'
[0.211s] Level 1:colcon.colcon_core.package_identification:_identify(STM32-base/make/STM32F4xx) by extensions ['ignore', 'ignore_ament_install']
[0.211s] Level 1:colcon.colcon_core.package_identification:_identify(STM32-base/make/STM32F4xx) by extension 'ignore'
[0.211s] Level 1:colcon.colcon_core.package_identification:_identify(STM32-base/make/STM32F4xx) by extension 'ignore_ament_install'
[0.211s] Level 1:colcon.colcon_core.package_identification:_identify(STM32-base/make/STM32F4xx) by extensions ['colcon_pkg']
[0.211s] Level 1:colcon.colcon_core.package_identification:_identify(STM32-base/make/STM32F4xx) by extension 'colcon_pkg'
[0.211s] Level 1:colcon.colcon_core.package_identification:_identify(STM32-base/make/STM32F4xx) by extensions ['colcon_meta']
[0.211s] Level 1:colcon.colcon_core.package_identification:_identify(STM32-base/make/STM32F4xx) by extension 'colcon_meta'
[0.211s] Level 1:colcon.colcon_core.package_identification:_identify(STM32-base/make/STM32F4xx) by extensions ['ros']
[0.212s] Level 1:colcon.colcon_core.package_identification:_identify(STM32-base/make/STM32F4xx) by extension 'ros'
[0.212s] Level 1:colcon.colcon_core.package_identification:_identify(STM32-base/make/STM32F4xx) by extensions ['cmake', 'python']
[0.212s] Level 1:colcon.colcon_core.package_identification:_identify(STM32-base/make/STM32F4xx) by extension 'cmake'
[0.212s] Level 1:colcon.colcon_core.package_identification:_identify(STM32-base/make/STM32F4xx) by extension 'python'
[0.212s] Level 1:colcon.colcon_core.package_identification:_identify(STM32-base/make/STM32F4xx) by extensions ['python_setup_py']
[0.212s] Level 1:colcon.colcon_core.package_identification:_identify(STM32-base/make/STM32F4xx) by extension 'python_setup_py'
[0.212s] Level 1:colcon.colcon_core.package_identification:_identify(STM32-base/startup) by extensions ['ignore', 'ignore_ament_install']
[0.212s] Level 1:colcon.colcon_core.package_identification:_identify(STM32-base/startup) by extension 'ignore'
[0.212s] Level 1:colcon.colcon_core.package_identification:_identify(STM32-base/startup) by extension 'ignore_ament_install'
[0.212s] Level 1:colcon.colcon_core.package_identification:_identify(STM32-base/startup) by extensions ['colcon_pkg']
[0.212s] Level 1:colcon.colcon_core.package_identification:_identify(STM32-base/startup) by extension 'colcon_pkg'
[0.212s] Level 1:colcon.colcon_core.package_identification:_identify(STM32-base/startup) by extensions ['colcon_meta']
[0.212s] Level 1:colcon.colcon_core.package_identification:_identify(STM32-base/startup) by extension 'colcon_meta'
[0.212s] Level 1:colcon.colcon_core.package_identification:_identify(STM32-base/startup) by extensions ['ros']
[0.212s] Level 1:colcon.colcon_core.package_identification:_identify(STM32-base/startup) by extension 'ros'
[0.213s] Level 1:colcon.colcon_core.package_identification:_identify(STM32-base/startup) by extensions ['cmake', 'python']
[0.213s] Level 1:colcon.colcon_core.package_identification:_identify(STM32-base/startup) by extension 'cmake'
[0.213s] Level 1:colcon.colcon_core.package_identification:_identify(STM32-base/startup) by extension 'python'
[0.213s] Level 1:colcon.colcon_core.package_identification:_identify(STM32-base/startup) by extensions ['python_setup_py']
[0.213s] Level 1:colcon.colcon_core.package_identification:_identify(STM32-base/startup) by extension 'python_setup_py'
[0.213s] Level 1:colcon.colcon_core.package_identification:_identify(STM32-base/startup/STM32F4xx) by extensions ['ignore', 'ignore_ament_install']
[0.213s] Level 1:colcon.colcon_core.package_identification:_identify(STM32-base/startup/STM32F4xx) by extension 'ignore'
[0.213s] Level 1:colcon.colcon_core.package_identification:_identify(STM32-base/startup/STM32F4xx) by extension 'ignore_ament_install'
[0.213s] Level 1:colcon.colcon_core.package_identification:_identify(STM32-base/startup/STM32F4xx) by extensions ['colcon_pkg']
[0.213s] Level 1:colcon.colcon_core.package_identification:_identify(STM32-base/startup/STM32F4xx) by extension 'colcon_pkg'
[0.213s] Level 1:colcon.colcon_core.package_identification:_identify(STM32-base/startup/STM32F4xx) by extensions ['colcon_meta']
[0.213s] Level 1:colcon.colcon_core.package_identification:_identify(STM32-base/startup/STM32F4xx) by extension 'colcon_meta'
[0.213s] Level 1:colcon.colcon_core.package_identification:_identify(STM32-base/startup/STM32F4xx) by extensions ['ros']
[0.213s] Level 1:colcon.colcon_core.package_identification:_identify(STM32-base/startup/STM32F4xx) by extension 'ros'
[0.213s] Level 1:colcon.colcon_core.package_identification:_identify(STM32-base/startup/STM32F4xx) by extensions ['cmake', 'python']
[0.213s] Level 1:colcon.colcon_core.package_identification:_identify(STM32-base/startup/STM32F4xx) by extension 'cmake'
[0.213s] Level 1:colcon.colcon_core.package_identification:_identify(STM32-base/startup/STM32F4xx) by extension 'python'
[0.213s] Level 1:colcon.colcon_core.package_identification:_identify(STM32-base/startup/STM32F4xx) by extensions ['python_setup_py']
[0.213s] Level 1:colcon.colcon_core.package_identification:_identify(STM32-base/startup/STM32F4xx) by extension 'python_setup_py'
[0.214s] Level 1:colcon.colcon_core.package_identification:_identify(STM32-base-STM32Cube) by extensions ['ignore', 'ignore_ament_install']
[0.214s] Level 1:colcon.colcon_core.package_identification:_identify(STM32-base-STM32Cube) by extension 'ignore'
[0.214s] Level 1:colcon.colcon_core.package_identification:_identify(STM32-base-STM32Cube) by extension 'ignore_ament_install'
[0.214s] Level 1:colcon.colcon_core.package_identification:_identify(STM32-base-STM32Cube) by extensions ['colcon_pkg']
[0.214s] Level 1:colcon.colcon_core.package_identification:_identify(STM32-base-STM32Cube) by extension 'colcon_pkg'
[0.214s] Level 1:colcon.colcon_core.package_identification:_identify(STM32-base-STM32Cube) by extensions ['colcon_meta']
[0.214s] Level 1:colcon.colcon_core.package_identification:_identify(STM32-base-STM32Cube) by extension 'colcon_meta'
[0.214s] Level 1:colcon.colcon_core.package_identification:_identify(STM32-base-STM32Cube) by extensions ['ros']
[0.214s] Level 1:colcon.colcon_core.package_identification:_identify(STM32-base-STM32Cube) by extension 'ros'
[0.214s] Level 1:colcon.colcon_core.package_identification:_identify(STM32-base-STM32Cube) by extensions ['cmake', 'python']
[0.214s] Level 1:colcon.colcon_core.package_identification:_identify(STM32-base-STM32Cube) by extension 'cmake'
[0.214s] Level 1:colcon.colcon_core.package_identification:_identify(STM32-base-STM32Cube) by extension 'python'
[0.215s] Level 1:colcon.colcon_core.package_identification:_identify(STM32-base-STM32Cube) by extensions ['python_setup_py']
[0.215s] Level 1:colcon.colcon_core.package_identification:_identify(STM32-base-STM32Cube) by extension 'python_setup_py'
[0.215s] Level 1:colcon.colcon_core.package_identification:_identify(STM32-base-STM32Cube/CMSIS) by extensions ['ignore', 'ignore_ament_install']
[0.215s] Level 1:colcon.colcon_core.package_identification:_identify(STM32-base-STM32Cube/CMSIS) by extension 'ignore'
[0.215s] Level 1:colcon.colcon_core.package_identification:_identify(STM32-base-STM32Cube/CMSIS) by extension 'ignore_ament_install'
[0.215s] Level 1:colcon.colcon_core.package_identification:_identify(STM32-base-STM32Cube/CMSIS) by extensions ['colcon_pkg']
[0.215s] Level 1:colcon.colcon_core.package_identification:_identify(STM32-base-STM32Cube/CMSIS) by extension 'colcon_pkg'
[0.215s] Level 1:colcon.colcon_core.package_identification:_identify(STM32-base-STM32Cube/CMSIS) by extensions ['colcon_meta']
[0.215s] Level 1:colcon.colcon_core.package_identification:_identify(STM32-base-STM32Cube/CMSIS) by extension 'colcon_meta'
[0.215s] Level 1:colcon.colcon_core.package_identification:_identify(STM32-base-STM32Cube/CMSIS) by extensions ['ros']
[0.215s] Level 1:colcon.colcon_core.package_identification:_identify(STM32-base-STM32Cube/CMSIS) by extension 'ros'
[0.216s] Level 1:colcon.colcon_core.package_identification:_identify(STM32-base-STM32Cube/CMSIS) by extensions ['cmake', 'python']
[0.216s] Level 1:colcon.colcon_core.package_identification:_identify(STM32-base-STM32Cube/CMSIS) by extension 'cmake'
[0.216s] Level 1:colcon.colcon_core.package_identification:_identify(STM32-base-STM32Cube/CMSIS) by extension 'python'
[0.216s] Level 1:colcon.colcon_core.package_identification:_identify(STM32-base-STM32Cube/CMSIS) by extensions ['python_setup_py']
[0.216s] Level 1:colcon.colcon_core.package_identification:_identify(STM32-base-STM32Cube/CMSIS) by extension 'python_setup_py'
[0.216s] Level 1:colcon.colcon_core.package_identification:_identify(STM32-base-STM32Cube/CMSIS/ARM) by extensions ['ignore', 'ignore_ament_install']
[0.216s] Level 1:colcon.colcon_core.package_identification:_identify(STM32-base-STM32Cube/CMSIS/ARM) by extension 'ignore'
[0.216s] Level 1:colcon.colcon_core.package_identification:_identify(STM32-base-STM32Cube/CMSIS/ARM) by extension 'ignore_ament_install'
[0.216s] Level 1:colcon.colcon_core.package_identification:_identify(STM32-base-STM32Cube/CMSIS/ARM) by extensions ['colcon_pkg']
[0.216s] Level 1:colcon.colcon_core.package_identification:_identify(STM32-base-STM32Cube/CMSIS/ARM) by extension 'colcon_pkg'
[0.216s] Level 1:colcon.colcon_core.package_identification:_identify(STM32-base-STM32Cube/CMSIS/ARM) by extensions ['colcon_meta']
[0.216s] Level 1:colcon.colcon_core.package_identification:_identify(STM32-base-STM32Cube/CMSIS/ARM) by extension 'colcon_meta'
[0.216s] Level 1:colcon.colcon_core.package_identification:_identify(STM32-base-STM32Cube/CMSIS/ARM) by extensions ['ros']
[0.216s] Level 1:colcon.colcon_core.package_identification:_identify(STM32-base-STM32Cube/CMSIS/ARM) by extension 'ros'
[0.216s] Level 1:colcon.colcon_core.package_identification:_identify(STM32-base-STM32Cube/CMSIS/ARM) by extensions ['cmake', 'python']
[0.216s] Level 1:colcon.colcon_core.package_identification:_identify(STM32-base-STM32Cube/CMSIS/ARM) by extension 'cmake'
[0.216s] Level 1:colcon.colcon_core.package_identification:_identify(STM32-base-STM32Cube/CMSIS/ARM) by extension 'python'
[0.216s] Level 1:colcon.colcon_core.package_identification:_identify(STM32-base-STM32Cube/CMSIS/ARM) by extensions ['python_setup_py']
[0.216s] Level 1:colcon.colcon_core.package_identification:_identify(STM32-base-STM32Cube/CMSIS/ARM) by extension 'python_setup_py'
[0.216s] Level 1:colcon.colcon_core.package_identification:_identify(STM32-base-STM32Cube/CMSIS/ARM/inc) by extensions ['ignore', 'ignore_ament_install']
[0.217s] Level 1:colcon.colcon_core.package_identification:_identify(STM32-base-STM32Cube/CMSIS/ARM/inc) by extension 'ignore'
[0.217s] Level 1:colcon.colcon_core.package_identification:_identify(STM32-base-STM32Cube/CMSIS/ARM/inc) by extension 'ignore_ament_install'
[0.217s] Level 1:colcon.colcon_core.package_identification:_identify(STM32-base-STM32Cube/CMSIS/ARM/inc) by extensions ['colcon_pkg']
[0.217s] Level 1:colcon.colcon_core.package_identification:_identify(STM32-base-STM32Cube/CMSIS/ARM/inc) by extension 'colcon_pkg'
[0.217s] Level 1:colcon.colcon_core.package_identification:_identify(STM32-base-STM32Cube/CMSIS/ARM/inc) by extensions ['colcon_meta']
[0.217s] Level 1:colcon.colcon_core.package_identification:_identify(STM32-base-STM32Cube/CMSIS/ARM/inc) by extension 'colcon_meta'
[0.217s] Level 1:colcon.colcon_core.package_identification:_identify(STM32-base-STM32Cube/CMSIS/ARM/inc) by extensions ['ros']
[0.217s] Level 1:colcon.colcon_core.package_identification:_identify(STM32-base-STM32Cube/CMSIS/ARM/inc) by extension 'ros'
[0.217s] Level 1:colcon.colcon_core.package_identification:_identify(STM32-base-STM32Cube/CMSIS/ARM/inc) by extensions ['cmake', 'python']
[0.217s] Level 1:colcon.colcon_core.package_identification:_identify(STM32-base-STM32Cube/CMSIS/ARM/inc) by extension 'cmake'
[0.217s] Level 1:colcon.colcon_core.package_identification:_identify(STM32-base-STM32Cube/CMSIS/ARM/inc) by extension 'python'
[0.217s] Level 1:colcon.colcon_core.package_identification:_identify(STM32-base-STM32Cube/CMSIS/ARM/inc) by extensions ['python_setup_py']
[0.217s] Level 1:colcon.colcon_core.package_identification:_identify(STM32-base-STM32Cube/CMSIS/ARM/inc) by extension 'python_setup_py'
[0.217s] Level 1:colcon.colcon_core.package_identification:_identify(STM32-base-STM32Cube/CMSIS/STM32F4xx) by extensions ['ignore', 'ignore_ament_install']
[0.217s] Level 1:colcon.colcon_core.package_identification:_identify(STM32-base-STM32Cube/CMSIS/STM32F4xx) by extension 'ignore'
[0.218s] Level 1:colcon.colcon_core.package_identification:_identify(STM32-base-STM32Cube/CMSIS/STM32F4xx) by extension 'ignore_ament_install'
[0.218s] Level 1:colcon.colcon_core.package_identification:_identify(STM32-base-STM32Cube/CMSIS/STM32F4xx) by extensions ['colcon_pkg']
[0.218s] Level 1:colcon.colcon_core.package_identification:_identify(STM32-base-STM32Cube/CMSIS/STM32F4xx) by extension 'colcon_pkg'
[0.218s] Level 1:colcon.colcon_core.package_identification:_identify(STM32-base-STM32Cube/CMSIS/STM32F4xx) by extensions ['colcon_meta']
[0.218s] Level 1:colcon.colcon_core.package_identification:_identify(STM32-base-STM32Cube/CMSIS/STM32F4xx) by extension 'colcon_meta'
[0.218s] Level 1:colcon.colcon_core.package_identification:_identify(STM32-base-STM32Cube/CMSIS/STM32F4xx) by extensions ['ros']
[0.218s] Level 1:colcon.colcon_core.package_identification:_identify(STM32-base-STM32Cube/CMSIS/STM32F4xx) by extension 'ros'
[0.218s] Level 1:colcon.colcon_core.package_identification:_identify(STM32-base-STM32Cube/CMSIS/STM32F4xx) by extensions ['cmake', 'python']
[0.218s] Level 1:colcon.colcon_core.package_identification:_identify(STM32-base-STM32Cube/CMSIS/STM32F4xx) by extension 'cmake'
[0.218s] Level 1:colcon.colcon_core.package_identification:_identify(STM32-base-STM32Cube/CMSIS/STM32F4xx) by extension 'python'
[0.218s] Level 1:colcon.colcon_core.package_identification:_identify(STM32-base-STM32Cube/CMSIS/STM32F4xx) by extensions ['python_setup_py']
[0.218s] Level 1:colcon.colcon_core.package_identification:_identify(STM32-base-STM32Cube/CMSIS/STM32F4xx) by extension 'python_setup_py'
[0.219s] Level 1:colcon.colcon_core.package_identification:_identify(STM32-base-STM32Cube/CMSIS/STM32F4xx/inc) by extensions ['ignore', 'ignore_ament_install']
[0.219s] Level 1:colcon.colcon_core.package_identification:_identify(STM32-base-STM32Cube/CMSIS/STM32F4xx/inc) by extension 'ignore'
[0.219s] Level 1:colcon.colcon_core.package_identification:_identify(STM32-base-STM32Cube/CMSIS/STM32F4xx/inc) by extension 'ignore_ament_install'
[0.219s] Level 1:colcon.colcon_core.package_identification:_identify(STM32-base-STM32Cube/CMSIS/STM32F4xx/inc) by extensions ['colcon_pkg']
[0.219s] Level 1:colcon.colcon_core.package_identification:_identify(STM32-base-STM32Cube/CMSIS/STM32F4xx/inc) by extension 'colcon_pkg'
[0.219s] Level 1:colcon.colcon_core.package_identification:_identify(STM32-base-STM32Cube/CMSIS/STM32F4xx/inc) by extensions ['colcon_meta']
[0.219s] Level 1:colcon.colcon_core.package_identification:_identify(STM32-base-STM32Cube/CMSIS/STM32F4xx/inc) by extension 'colcon_meta'
[0.219s] Level 1:colcon.colcon_core.package_identification:_identify(STM32-base-STM32Cube/CMSIS/STM32F4xx/inc) by extensions ['ros']
[0.220s] Level 1:colcon.colcon_core.package_identification:_identify(STM32-base-STM32Cube/CMSIS/STM32F4xx/inc) by extension 'ros'
[0.220s] Level 1:colcon.colcon_core.package_identification:_identify(STM32-base-STM32Cube/CMSIS/STM32F4xx/inc) by extensions ['cmake', 'python']
[0.220s] Level 1:colcon.colcon_core.package_identification:_identify(STM32-base-STM32Cube/CMSIS/STM32F4xx/inc) by extension 'cmake'
[0.220s] Level 1:colcon.colcon_core.package_identification:_identify(STM32-base-STM32Cube/CMSIS/STM32F4xx/inc) by extension 'python'
[0.220s] Level 1:colcon.colcon_core.package_identification:_identify(STM32-base-STM32Cube/CMSIS/STM32F4xx/inc) by extensions ['python_setup_py']
[0.220s] Level 1:colcon.colcon_core.package_identification:_identify(STM32-base-STM32Cube/CMSIS/STM32F4xx/inc) by extension 'python_setup_py'
[0.220s] Level 1:colcon.colcon_core.package_identification:_identify(STM32-base-STM32Cube/CMSIS/STM32F4xx/src) by extensions ['ignore', 'ignore_ament_install']
[0.220s] Level 1:colcon.colcon_core.package_identification:_identify(STM32-base-STM32Cube/CMSIS/STM32F4xx/src) by extension 'ignore'
[0.220s] Level 1:colcon.colcon_core.package_identification:_identify(STM32-base-STM32Cube/CMSIS/STM32F4xx/src) by extension 'ignore_ament_install'
[0.220s] Level 1:colcon.colcon_core.package_identification:_identify(STM32-base-STM32Cube/CMSIS/STM32F4xx/src) by extensions ['colcon_pkg']
[0.220s] Level 1:colcon.colcon_core.package_identification:_identify(STM32-base-STM32Cube/CMSIS/STM32F4xx/src) by extension 'colcon_pkg'
[0.221s] Level 1:colcon.colcon_core.package_identification:_identify(STM32-base-STM32Cube/CMSIS/STM32F4xx/src) by extensions ['colcon_meta']
[0.221s] Level 1:colcon.colcon_core.package_identification:_identify(STM32-base-STM32Cube/CMSIS/STM32F4xx/src) by extension 'colcon_meta'
[0.221s] Level 1:colcon.colcon_core.package_identification:_identify(STM32-base-STM32Cube/CMSIS/STM32F4xx/src) by extensions ['ros']
[0.221s] Level 1:colcon.colcon_core.package_identification:_identify(STM32-base-STM32Cube/CMSIS/STM32F4xx/src) by extension 'ros'
[0.221s] Level 1:colcon.colcon_core.package_identification:_identify(STM32-base-STM32Cube/CMSIS/STM32F4xx/src) by extensions ['cmake', 'python']
[0.221s] Level 1:colcon.colcon_core.package_identification:_identify(STM32-base-STM32Cube/CMSIS/STM32F4xx/src) by extension 'cmake'
[0.221s] Level 1:colcon.colcon_core.package_identification:_identify(STM32-base-STM32Cube/CMSIS/STM32F4xx/src) by extension 'python'
[0.221s] Level 1:colcon.colcon_core.package_identification:_identify(STM32-base-STM32Cube/CMSIS/STM32F4xx/src) by extensions ['python_setup_py']
[0.221s] Level 1:colcon.colcon_core.package_identification:_identify(STM32-base-STM32Cube/CMSIS/STM32F4xx/src) by extension 'python_setup_py'
[0.221s] Level 1:colcon.colcon_core.package_identification:_identify(STM32-base-STM32Cube/HAL) by extensions ['ignore', 'ignore_ament_install']
[0.221s] Level 1:colcon.colcon_core.package_identification:_identify(STM32-base-STM32Cube/HAL) by extension 'ignore'
[0.221s] Level 1:colcon.colcon_core.package_identification:_identify(STM32-base-STM32Cube/HAL) by extension 'ignore_ament_install'
[0.222s] Level 1:colcon.colcon_core.package_identification:_identify(STM32-base-STM32Cube/HAL) by extensions ['colcon_pkg']
[0.222s] Level 1:colcon.colcon_core.package_identification:_identify(STM32-base-STM32Cube/HAL) by extension 'colcon_pkg'
[0.222s] Level 1:colcon.colcon_core.package_identification:_identify(STM32-base-STM32Cube/HAL) by extensions ['colcon_meta']
[0.222s] Level 1:colcon.colcon_core.package_identification:_identify(STM32-base-STM32Cube/HAL) by extension 'colcon_meta'
[0.222s] Level 1:colcon.colcon_core.package_identification:_identify(STM32-base-STM32Cube/HAL) by extensions ['ros']
[0.222s] Level 1:colcon.colcon_core.package_identification:_identify(STM32-base-STM32Cube/HAL) by extension 'ros'
[0.222s] Level 1:colcon.colcon_core.package_identification:_identify(STM32-base-STM32Cube/HAL) by extensions ['cmake', 'python']
[0.222s] Level 1:colcon.colcon_core.package_identification:_identify(STM32-base-STM32Cube/HAL) by extension 'cmake'
[0.222s] Level 1:colcon.colcon_core.package_identification:_identify(STM32-base-STM32Cube/HAL) by extension 'python'
[0.222s] Level 1:colcon.colcon_core.package_identification:_identify(STM32-base-STM32Cube/HAL) by extensions ['python_setup_py']
[0.222s] Level 1:colcon.colcon_core.package_identification:_identify(STM32-base-STM32Cube/HAL) by extension 'python_setup_py'
[0.222s] Level 1:colcon.colcon_core.package_identification:_identify(STM32-base-STM32Cube/HAL/STM32F4xx) by extensions ['ignore', 'ignore_ament_install']
[0.222s] Level 1:colcon.colcon_core.package_identification:_identify(STM32-base-STM32Cube/HAL/STM32F4xx) by extension 'ignore'
[0.222s] Level 1:colcon.colcon_core.package_identification:_identify(STM32-base-STM32Cube/HAL/STM32F4xx) by extension 'ignore_ament_install'
[0.222s] Level 1:colcon.colcon_core.package_identification:_identify(STM32-base-STM32Cube/HAL/STM32F4xx) by extensions ['colcon_pkg']
[0.222s] Level 1:colcon.colcon_core.package_identification:_identify(STM32-base-STM32Cube/HAL/STM32F4xx) by extension 'colcon_pkg'
[0.222s] Level 1:colcon.colcon_core.package_identification:_identify(STM32-base-STM32Cube/HAL/STM32F4xx) by extensions ['colcon_meta']
[0.222s] Level 1:colcon.colcon_core.package_identification:_identify(STM32-base-STM32Cube/HAL/STM32F4xx) by extension 'colcon_meta'
[0.222s] Level 1:colcon.colcon_core.package_identification:_identify(STM32-base-STM32Cube/HAL/STM32F4xx) by extensions ['ros']
[0.223s] Level 1:colcon.colcon_core.package_identification:_identify(STM32-base-STM32Cube/HAL/STM32F4xx) by extension 'ros'
[0.223s] Level 1:colcon.colcon_core.package_identification:_identify(STM32-base-STM32Cube/HAL/STM32F4xx) by extensions ['cmake', 'python']
[0.223s] Level 1:colcon.colcon_core.package_identification:_identify(STM32-base-STM32Cube/HAL/STM32F4xx) by extension 'cmake'
[0.223s] Level 1:colcon.colcon_core.package_identification:_identify(STM32-base-STM32Cube/HAL/STM32F4xx) by extension 'python'
[0.223s] Level 1:colcon.colcon_core.package_identification:_identify(STM32-base-STM32Cube/HAL/STM32F4xx) by extensions ['python_setup_py']
[0.223s] Level 1:colcon.colcon_core.package_identification:_identify(STM32-base-STM32Cube/HAL/STM32F4xx) by extension 'python_setup_py'
[0.223s] Level 1:colcon.colcon_core.package_identification:_identify(STM32-base-STM32Cube/HAL/STM32F4xx/inc) by extensions ['ignore', 'ignore_ament_install']
[0.223s] Level 1:colcon.colcon_core.package_identification:_identify(STM32-base-STM32Cube/HAL/STM32F4xx/inc) by extension 'ignore'
[0.224s] Level 1:colcon.colcon_core.package_identification:_identify(STM32-base-STM32Cube/HAL/STM32F4xx/inc) by extension 'ignore_ament_install'
[0.224s] Level 1:colcon.colcon_core.package_identification:_identify(STM32-base-STM32Cube/HAL/STM32F4xx/inc) by extensions ['colcon_pkg']
[0.224s] Level 1:colcon.colcon_core.package_identification:_identify(STM32-base-STM32Cube/HAL/STM32F4xx/inc) by extension 'colcon_pkg'
[0.224s] Level 1:colcon.colcon_core.package_identification:_identify(STM32-base-STM32Cube/HAL/STM32F4xx/inc) by extensions ['colcon_meta']
[0.224s] Level 1:colcon.colcon_core.package_identification:_identify(STM32-base-STM32Cube/HAL/STM32F4xx/inc) by extension 'colcon_meta'
[0.224s] Level 1:colcon.colcon_core.package_identification:_identify(STM32-base-STM32Cube/HAL/STM32F4xx/inc) by extensions ['ros']
[0.224s] Level 1:colcon.colcon_core.package_identification:_identify(STM32-base-STM32Cube/HAL/STM32F4xx/inc) by extension 'ros'
[0.224s] Level 1:colcon.colcon_core.package_identification:_identify(STM32-base-STM32Cube/HAL/STM32F4xx/inc) by extensions ['cmake', 'python']
[0.224s] Level 1:colcon.colcon_core.package_identification:_identify(STM32-base-STM32Cube/HAL/STM32F4xx/inc) by extension 'cmake'
[0.224s] Level 1:colcon.colcon_core.package_identification:_identify(STM32-base-STM32Cube/HAL/STM32F4xx/inc) by extension 'python'
[0.224s] Level 1:colcon.colcon_core.package_identification:_identify(STM32-base-STM32Cube/HAL/STM32F4xx/inc) by extensions ['python_setup_py']
[0.224s] Level 1:colcon.colcon_core.package_identification:_identify(STM32-base-STM32Cube/HAL/STM32F4xx/inc) by extension 'python_setup_py'
[0.224s] Level 1:colcon.colcon_core.package_identification:_identify(STM32-base-STM32Cube/HAL/STM32F4xx/inc/Legacy) by extensions ['ignore', 'ignore_ament_install']
[0.224s] Level 1:colcon.colcon_core.package_identification:_identify(STM32-base-STM32Cube/HAL/STM32F4xx/inc/Legacy) by extension 'ignore'
[0.224s] Level 1:colcon.colcon_core.package_identification:_identify(STM32-base-STM32Cube/HAL/STM32F4xx/inc/Legacy) by extension 'ignore_ament_install'
[0.225s] Level 1:colcon.colcon_core.package_identification:_identify(STM32-base-STM32Cube/HAL/STM32F4xx/inc/Legacy) by extensions ['colcon_pkg']
[0.225s] Level 1:colcon.colcon_core.package_identification:_identify(STM32-base-STM32Cube/HAL/STM32F4xx/inc/Legacy) by extension 'colcon_pkg'
[0.225s] Level 1:colcon.colcon_core.package_identification:_identify(STM32-base-STM32Cube/HAL/STM32F4xx/inc/Legacy) by extensions ['colcon_meta']
[0.225s] Level 1:colcon.colcon_core.package_identification:_identify(STM32-base-STM32Cube/HAL/STM32F4xx/inc/Legacy) by extension 'colcon_meta'
[0.225s] Level 1:colcon.colcon_core.package_identification:_identify(STM32-base-STM32Cube/HAL/STM32F4xx/inc/Legacy) by extensions ['ros']
[0.225s] Level 1:colcon.colcon_core.package_identification:_identify(STM32-base-STM32Cube/HAL/STM32F4xx/inc/Legacy) by extension 'ros'
[0.225s] Level 1:colcon.colcon_core.package_identification:_identify(STM32-base-STM32Cube/HAL/STM32F4xx/inc/Legacy) by extensions ['cmake', 'python']
[0.225s] Level 1:colcon.colcon_core.package_identification:_identify(STM32-base-STM32Cube/HAL/STM32F4xx/inc/Legacy) by extension 'cmake'
[0.225s] Level 1:colcon.colcon_core.package_identification:_identify(STM32-base-STM32Cube/HAL/STM32F4xx/inc/Legacy) by extension 'python'
[0.225s] Level 1:colcon.colcon_core.package_identification:_identify(STM32-base-STM32Cube/HAL/STM32F4xx/inc/Legacy) by extensions ['python_setup_py']
[0.225s] Level 1:colcon.colcon_core.package_identification:_identify(STM32-base-STM32Cube/HAL/STM32F4xx/inc/Legacy) by extension 'python_setup_py'
[0.225s] Level 1:colcon.colcon_core.package_identification:_identify(STM32-base-STM32Cube/HAL/STM32F4xx/src) by extensions ['ignore', 'ignore_ament_install']
[0.225s] Level 1:colcon.colcon_core.package_identification:_identify(STM32-base-STM32Cube/HAL/STM32F4xx/src) by extension 'ignore'
[0.225s] Level 1:colcon.colcon_core.package_identification:_identify(STM32-base-STM32Cube/HAL/STM32F4xx/src) by extension 'ignore_ament_install'
[0.225s] Level 1:colcon.colcon_core.package_identification:_identify(STM32-base-STM32Cube/HAL/STM32F4xx/src) by extensions ['colcon_pkg']
[0.225s] Level 1:colcon.colcon_core.package_identification:_identify(STM32-base-STM32Cube/HAL/STM32F4xx/src) by extension 'colcon_pkg'
[0.225s] Level 1:colcon.colcon_core.package_identification:_identify(STM32-base-STM32Cube/HAL/STM32F4xx/src) by extensions ['colcon_meta']
[0.225s] Level 1:colcon.colcon_core.package_identification:_identify(STM32-base-STM32Cube/HAL/STM32F4xx/src) by extension 'colcon_meta'
[0.225s] Level 1:colcon.colcon_core.package_identification:_identify(STM32-base-STM32Cube/HAL/STM32F4xx/src) by extensions ['ros']
[0.225s] Level 1:colcon.colcon_core.package_identification:_identify(STM32-base-STM32Cube/HAL/STM32F4xx/src) by extension 'ros'
[0.225s] Level 1:colcon.colcon_core.package_identification:_identify(STM32-base-STM32Cube/HAL/STM32F4xx/src) by extensions ['cmake', 'python']
[0.225s] Level 1:colcon.colcon_core.package_identification:_identify(STM32-base-STM32Cube/HAL/STM32F4xx/src) by extension 'cmake'
[0.225s] Level 1:colcon.colcon_core.package_identification:_identify(STM32-base-STM32Cube/HAL/STM32F4xx/src) by extension 'python'
[0.226s] Level 1:colcon.colcon_core.package_identification:_identify(STM32-base-STM32Cube/HAL/STM32F4xx/src) by extensions ['python_setup_py']
[0.226s] Level 1:colcon.colcon_core.package_identification:_identify(STM32-base-STM32Cube/HAL/STM32F4xx/src) by extension 'python_setup_py'
[0.226s] Level 1:colcon.colcon_core.package_identification:_identify(STM32-base-STM32Cube/HAL/STM32F4xx/src/Legacy) by extensions ['ignore', 'ignore_ament_install']
[0.226s] Level 1:colcon.colcon_core.package_identification:_identify(STM32-base-STM32Cube/HAL/STM32F4xx/src/Legacy) by extension 'ignore'
[0.226s] Level 1:colcon.colcon_core.package_identification:_identify(STM32-base-STM32Cube/HAL/STM32F4xx/src/Legacy) by extension 'ignore_ament_install'
[0.226s] Level 1:colcon.colcon_core.package_identification:_identify(STM32-base-STM32Cube/HAL/STM32F4xx/src/Legacy) by extensions ['colcon_pkg']
[0.226s] Level 1:colcon.colcon_core.package_identification:_identify(STM32-base-STM32Cube/HAL/STM32F4xx/src/Legacy) by extension 'colcon_pkg'
[0.226s] Level 1:colcon.colcon_core.package_identification:_identify(STM32-base-STM32Cube/HAL/STM32F4xx/src/Legacy) by extensions ['colcon_meta']
[0.226s] Level 1:colcon.colcon_core.package_identification:_identify(STM32-base-STM32Cube/HAL/STM32F4xx/src/Legacy) by extension 'colcon_meta'
[0.226s] Level 1:colcon.colcon_core.package_identification:_identify(STM32-base-STM32Cube/HAL/STM32F4xx/src/Legacy) by extensions ['ros']
[0.226s] Level 1:colcon.colcon_core.package_identification:_identify(STM32-base-STM32Cube/HAL/STM32F4xx/src/Legacy) by extension 'ros'
[0.226s] Level 1:colcon.colcon_core.package_identification:_identify(STM32-base-STM32Cube/HAL/STM32F4xx/src/Legacy) by extensions ['cmake', 'python']
[0.226s] Level 1:colcon.colcon_core.package_identification:_identify(STM32-base-STM32Cube/HAL/STM32F4xx/src/Legacy) by extension 'cmake'
[0.226s] Level 1:colcon.colcon_core.package_identification:_identify(STM32-base-STM32Cube/HAL/STM32F4xx/src/Legacy) by extension 'python'
[0.226s] Level 1:colcon.colcon_core.package_identification:_identify(STM32-base-STM32Cube/HAL/STM32F4xx/src/Legacy) by extensions ['python_setup_py']
[0.226s] Level 1:colcon.colcon_core.package_identification:_identify(STM32-base-STM32Cube/HAL/STM32F4xx/src/Legacy) by extension 'python_setup_py'
[0.227s] Level 1:colcon.colcon_core.package_identification:_identify(bin) by extensions ['ignore', 'ignore_ament_install']
[0.227s] Level 1:colcon.colcon_core.package_identification:_identify(bin) by extension 'ignore'
[0.227s] Level 1:colcon.colcon_core.package_identification:_identify(bin) by extension 'ignore_ament_install'
[0.227s] Level 1:colcon.colcon_core.package_identification:_identify(bin) by extensions ['colcon_pkg']
[0.227s] Level 1:colcon.colcon_core.package_identification:_identify(bin) by extension 'colcon_pkg'
[0.227s] Level 1:colcon.colcon_core.package_identification:_identify(bin) by extensions ['colcon_meta']
[0.227s] Level 1:colcon.colcon_core.package_identification:_identify(bin) by extension 'colcon_meta'
[0.227s] Level 1:colcon.colcon_core.package_identification:_identify(bin) by extensions ['ros']
[0.227s] Level 1:colcon.colcon_core.package_identification:_identify(bin) by extension 'ros'
[0.227s] Level 1:colcon.colcon_core.package_identification:_identify(bin) by extensions ['cmake', 'python']
[0.228s] Level 1:colcon.colcon_core.package_identification:_identify(bin) by extension 'cmake'
[0.228s] Level 1:colcon.colcon_core.package_identification:_identify(bin) by extension 'python'
[0.228s] Level 1:colcon.colcon_core.package_identification:_identify(bin) by extensions ['python_setup_py']
[0.228s] Level 1:colcon.colcon_core.package_identification:_identify(bin) by extension 'python_setup_py'
[0.228s] Level 1:colcon.colcon_core.package_identification:_identify(log) by extensions ['ignore', 'ignore_ament_install']
[0.228s] Level 1:colcon.colcon_core.package_identification:_identify(log) by extension 'ignore'
[0.228s] Level 1:colcon.colcon_core.package_identification:_identify(log) ignored
[0.229s] Level 1:colcon.colcon_core.package_identification:_identify(obj) by extensions ['ignore', 'ignore_ament_install']
[0.229s] Level 1:colcon.colcon_core.package_identification:_identify(obj) by extension 'ignore'
[0.229s] Level 1:colcon.colcon_core.package_identification:_identify(obj) by extension 'ignore_ament_install'
[0.229s] Level 1:colcon.colcon_core.package_identification:_identify(obj) by extensions ['colcon_pkg']
[0.229s] Level 1:colcon.colcon_core.package_identification:_identify(obj) by extension 'colcon_pkg'
[0.229s] Level 1:colcon.colcon_core.package_identification:_identify(obj) by extensions ['colcon_meta']
[0.229s] Level 1:colcon.colcon_core.package_identification:_identify(obj) by extension 'colcon_meta'
[0.229s] Level 1:colcon.colcon_core.package_identification:_identify(obj) by extensions ['ros']
[0.229s] Level 1:colcon.colcon_core.package_identification:_identify(obj) by extension 'ros'
[0.229s] Level 1:colcon.colcon_core.package_identification:_identify(obj) by extensions ['cmake', 'python']
[0.229s] Level 1:colcon.colcon_core.package_identification:_identify(obj) by extension 'cmake'
[0.229s] Level 1:colcon.colcon_core.package_identification:_identify(obj) by extension 'python'
[0.229s] Level 1:colcon.colcon_core.package_identification:_identify(obj) by extensions ['python_setup_py']
[0.229s] Level 1:colcon.colcon_core.package_identification:_identify(obj) by extension 'python_setup_py'
[0.230s] Level 1:colcon.colcon_core.package_identification:_identify(src) by extensions ['ignore', 'ignore_ament_install']
[0.230s] Level 1:colcon.colcon_core.package_identification:_identify(src) by extension 'ignore'
[0.230s] Level 1:colcon.colcon_core.package_identification:_identify(src) by extension 'ignore_ament_install'
[0.230s] Level 1:colcon.colcon_core.package_identification:_identify(src) by extensions ['colcon_pkg']
[0.230s] Level 1:colcon.colcon_core.package_identification:_identify(src) by extension 'colcon_pkg'
[0.230s] Level 1:colcon.colcon_core.package_identification:_identify(src) by extensions ['colcon_meta']
[0.230s] Level 1:colcon.colcon_core.package_identification:_identify(src) by extension 'colcon_meta'
[0.230s] Level 1:colcon.colcon_core.package_identification:_identify(src) by extensions ['ros']
[0.230s] Level 1:colcon.colcon_core.package_identification:_identify(src) by extension 'ros'
[0.230s] Level 1:colcon.colcon_core.package_identification:_identify(src) by extensions ['cmake', 'python']
[0.230s] Level 1:colcon.colcon_core.package_identification:_identify(src) by extension 'cmake'
[0.230s] Level 1:colcon.colcon_core.package_identification:_identify(src) by extension 'python'
[0.230s] Level 1:colcon.colcon_core.package_identification:_identify(src) by extensions ['python_setup_py']
[0.230s] Level 1:colcon.colcon_core.package_identification:_identify(src) by extension 'python_setup_py'
[0.230s] Level 1:colcon.colcon_core.package_discovery:discover_packages(recursive) using defaults
[0.230s] Level 1:colcon.colcon_core.package_discovery:discover_packages(ignore) discover
[0.230s] Level 1:colcon.colcon_core.package_discovery:discover_packages(ignore) using defaults
[0.230s] Level 1:colcon.colcon_core.package_discovery:discover_packages(path) discover
[0.230s] Level 1:colcon.colcon_core.package_discovery:discover_packages(path) using defaults
